<?xml version="1.0" encoding="UTF-8"?>
<testng-results ignored="0" total="4" passed="4" failed="0" skipped="0">
  <reporter-output>
  </reporter-output>
  <suite started-at="2025-08-14T22:04:09 CST" name="Default suite" finished-at="2025-08-14T22:04:20 CST" duration-ms="11404">
    <groups>
    </groups>
    <test started-at="2025-08-14T22:04:09 CST" name="Default test" finished-at="2025-08-14T22:04:20 CST" duration-ms="11404">
      <class name="tests.RegisterTest">
        <test-method is-config="true" signature="setupReport()[pri:0, instance:tests.RegisterTest@20d525]" started-at="2025-08-14T22:04:09 CST" name="setupReport" finished-at="2025-08-14T22:04:09 CST" duration-ms="153" status="PASS">
          <reporter-output>
          </reporter-output>
        </test-method> <!-- setupReport -->
        <test-method is-config="true" signature="setup()[pri:0, instance:tests.RegisterTest@20d525]" started-at="2025-08-14T22:04:09 CST" name="setup" finished-at="2025-08-14T22:04:11 CST" duration-ms="2095" status="PASS">
          <reporter-output>
          </reporter-output>
        </test-method> <!-- setup -->
        <test-method signature="testEmptyRequiredFields()[pri:0, instance:tests.RegisterTest@20d525]" started-at="2025-08-14T22:04:11 CST" name="testEmptyRequiredFields" finished-at="2025-08-14T22:04:12 CST" duration-ms="822" status="PASS">
          <reporter-output>
          </reporter-output>
        </test-method> <!-- testEmptyRequiredFields -->
        <test-method is-config="true" signature="tearDown(org.testng.ITestResult)[pri:0, instance:tests.RegisterTest@20d525]" started-at="2025-08-14T22:04:12 CST" name="tearDown" finished-at="2025-08-14T22:04:12 CST" duration-ms="140" status="PASS">
          <params>
            <param index="0">
              <value>
                <![CDATA[[TestResult name=testEmptyRequiredFields status=SUCCESS method=RegisterTest.testEmptyRequiredFields()[pri:0, instance:tests.RegisterTest@20d525] output={null}]]]>
              </value>
            </param>
          </params>
          <reporter-output>
          </reporter-output>
        </test-method> <!-- tearDown -->
        <test-method is-config="true" signature="setup()[pri:0, instance:tests.RegisterTest@20d525]" started-at="2025-08-14T22:04:12 CST" name="setup" finished-at="2025-08-14T22:04:13 CST" duration-ms="1474" status="PASS">
          <reporter-output>
          </reporter-output>
        </test-method> <!-- setup -->
        <test-method signature="testInvalidEmailFormat()[pri:0, instance:tests.RegisterTest@20d525]" started-at="2025-08-14T22:04:13 CST" name="testInvalidEmailFormat" finished-at="2025-08-14T22:04:15 CST" duration-ms="1039" status="PASS">
          <reporter-output>
          </reporter-output>
        </test-method> <!-- testInvalidEmailFormat -->
        <test-method is-config="true" signature="tearDown(org.testng.ITestResult)[pri:0, instance:tests.RegisterTest@20d525]" started-at="2025-08-14T22:04:15 CST" name="tearDown" finished-at="2025-08-14T22:04:15 CST" duration-ms="106" status="PASS">
          <params>
            <param index="0">
              <value>
                <![CDATA[[TestResult name=testInvalidEmailFormat status=SUCCESS method=RegisterTest.testInvalidEmailFormat()[pri:0, instance:tests.RegisterTest@20d525] output={null}]]]>
              </value>
            </param>
          </params>
          <reporter-output>
          </reporter-output>
        </test-method> <!-- tearDown -->
        <test-method is-config="true" signature="setup()[pri:0, instance:tests.RegisterTest@20d525]" started-at="2025-08-14T22:04:15 CST" name="setup" finished-at="2025-08-14T22:04:16 CST" duration-ms="1425" status="PASS">
          <reporter-output>
          </reporter-output>
        </test-method> <!-- setup -->
        <test-method signature="testMismatchedPasswords()[pri:0, instance:tests.RegisterTest@20d525]" started-at="2025-08-14T22:04:16 CST" name="testMismatchedPasswords" finished-at="2025-08-14T22:04:17 CST" duration-ms="990" status="PASS">
          <reporter-output>
          </reporter-output>
        </test-method> <!-- testMismatchedPasswords -->
        <test-method is-config="true" signature="tearDown(org.testng.ITestResult)[pri:0, instance:tests.RegisterTest@20d525]" started-at="2025-08-14T22:04:17 CST" name="tearDown" finished-at="2025-08-14T22:04:17 CST" duration-ms="124" status="PASS">
          <params>
            <param index="0">
              <value>
                <![CDATA[[TestResult name=testMismatchedPasswords status=SUCCESS method=RegisterTest.testMismatchedPasswords()[pri:0, instance:tests.RegisterTest@20d525] output={null}]]]>
              </value>
            </param>
          </params>
          <reporter-output>
          </reporter-output>
        </test-method> <!-- tearDown -->
        <test-method is-config="true" signature="setup()[pri:0, instance:tests.RegisterTest@20d525]" started-at="2025-08-14T22:04:17 CST" name="setup" finished-at="2025-08-14T22:04:19 CST" duration-ms="1923" status="PASS">
          <reporter-output>
          </reporter-output>
        </test-method> <!-- setup -->
        <test-method signature="testSuccessfulRegistration()[pri:0, instance:tests.RegisterTest@20d525]" started-at="2025-08-14T22:04:19 CST" name="testSuccessfulRegistration" finished-at="2025-08-14T22:04:20 CST" duration-ms="1074" status="PASS">
          <reporter-output>
          </reporter-output>
        </test-method> <!-- testSuccessfulRegistration -->
        <test-method is-config="true" signature="tearDown(org.testng.ITestResult)[pri:0, instance:tests.RegisterTest@20d525]" started-at="2025-08-14T22:04:20 CST" name="tearDown" finished-at="2025-08-14T22:04:20 CST" duration-ms="158" status="PASS">
          <params>
            <param index="0">
              <value>
                <![CDATA[[TestResult name=testSuccessfulRegistration status=SUCCESS method=RegisterTest.testSuccessfulRegistration()[pri:0, instance:tests.RegisterTest@20d525] output={null}]]]>
              </value>
            </param>
          </params>
          <reporter-output>
          </reporter-output>
        </test-method> <!-- tearDown -->
        <test-method is-config="true" signature="tearDownReport()[pri:0, instance:tests.RegisterTest@20d525]" started-at="2025-08-14T22:04:20 CST" name="tearDownReport" finished-at="2025-08-14T22:04:22 CST" duration-ms="1810" status="PASS">
          <reporter-output>
          </reporter-output>
        </test-method> <!-- tearDownReport -->
      </class> <!-- tests.RegisterTest -->
    </test> <!-- Default test -->
  </suite> <!-- Default suite -->
</testng-results>
