<?xml version="1.0" encoding="UTF-8"?>
<testng-results ignored="0" total="1" passed="1" failed="0" skipped="0">
  <reporter-output>
  </reporter-output>
  <suite started-at="2025-07-04T23:15:59 CST" name="Default suite" finished-at="2025-07-04T23:16:03 CST" duration-ms="4114">
    <groups>
    </groups>
    <test started-at="2025-07-04T23:15:59 CST" name="Default test" finished-at="2025-07-04T23:16:03 CST" duration-ms="4114">
      <class name="tests.LoginTest">
        <test-method is-config="true" signature="setupReport()[pri:0, instance:tests.LoginTest@70325e14]" started-at="2025-07-04T23:15:59 CST" name="setupReport" finished-at="2025-07-04T23:15:59 CST" duration-ms="167" status="PASS">
          <reporter-output>
          </reporter-output>
        </test-method> <!-- setupReport -->
        <test-method is-config="true" signature="setup()[pri:0, instance:tests.LoginTest@70325e14]" started-at="2025-07-04T23:15:59 CST" name="setup" finished-at="2025-07-04T23:16:01 CST" duration-ms="2581" status="PASS">
          <reporter-output>
          </reporter-output>
        </test-method> <!-- setup -->
        <test-method signature="testSuccessfulLogin()[pri:0, instance:tests.LoginTest@70325e14]" started-at="2025-07-04T23:16:01 CST" name="testSuccessfulLogin" finished-at="2025-07-04T23:16:03 CST" duration-ms="1378" status="PASS">
          <reporter-output>
          </reporter-output>
        </test-method> <!-- testSuccessfulLogin -->
        <test-method is-config="true" signature="tearDown(org.testng.ITestResult)[pri:0, instance:tests.LoginTest@70325e14]" started-at="2025-07-04T23:16:03 CST" name="tearDown" finished-at="2025-07-04T23:16:03 CST" duration-ms="128" status="PASS">
          <params>
            <param index="0">
              <value>
                <![CDATA[[TestResult name=testSuccessfulLogin status=SUCCESS method=LoginTest.testSuccessfulLogin()[pri:0, instance:tests.LoginTest@70325e14] output={null}]]]>
              </value>
            </param>
          </params>
          <reporter-output>
          </reporter-output>
        </test-method> <!-- tearDown -->
        <test-method is-config="true" signature="tearDownReport()[pri:0, instance:tests.LoginTest@70325e14]" started-at="2025-07-04T23:16:03 CST" name="tearDownReport" finished-at="2025-07-04T23:16:03 CST" duration-ms="208" status="PASS">
          <reporter-output>
          </reporter-output>
        </test-method> <!-- tearDownReport -->
      </class> <!-- tests.LoginTest -->
    </test> <!-- Default test -->
  </suite> <!-- Default suite -->
</testng-results>
