<?xml version="1.0" encoding="UTF-8"?>
<testng-results ignored="0" total="4" passed="4" failed="0" skipped="0">
  <reporter-output>
  </reporter-output>
  <suite started-at="2025-06-25T00:54:11 CST" name="Default suite" finished-at="2025-06-25T00:54:25 CST" duration-ms="14517">
    <groups>
    </groups>
    <test started-at="2025-06-25T00:54:11 CST" name="Default test" finished-at="2025-06-25T00:54:25 CST" duration-ms="14517">
      <class name="tests.RegisterTest">
        <test-method is-config="true" signature="setupReport()[pri:0, instance:tests.RegisterTest@1e66f1f5]" started-at="2025-06-25T00:54:10 CST" name="setupReport" finished-at="2025-06-25T00:54:11 CST" duration-ms="157" status="PASS">
          <reporter-output>
          </reporter-output>
        </test-method> <!-- setupReport -->
        <test-method is-config="true" signature="setup()[pri:0, instance:tests.RegisterTest@1e66f1f5]" started-at="2025-06-25T00:54:11 CST" name="setup" finished-at="2025-06-25T00:54:13 CST" duration-ms="2482" status="PASS">
          <reporter-output>
          </reporter-output>
        </test-method> <!-- setup -->
        <test-method signature="testEmptyRequiredFields()[pri:0, instance:tests.RegisterTest@1e66f1f5]" started-at="2025-06-25T00:54:13 CST" name="testEmptyRequiredFields" finished-at="2025-06-25T00:54:14 CST" duration-ms="785" status="PASS">
          <reporter-output>
          </reporter-output>
        </test-method> <!-- testEmptyRequiredFields -->
        <test-method is-config="true" signature="tearDown(org.testng.ITestResult)[pri:0, instance:tests.RegisterTest@1e66f1f5]" started-at="2025-06-25T00:54:14 CST" name="tearDown" finished-at="2025-06-25T00:54:14 CST" duration-ms="130" status="PASS">
          <params>
            <param index="0">
              <value>
                <![CDATA[[TestResult name=testEmptyRequiredFields status=SUCCESS method=RegisterTest.testEmptyRequiredFields()[pri:0, instance:tests.RegisterTest@1e66f1f5] output={null}]]]>
              </value>
            </param>
          </params>
          <reporter-output>
          </reporter-output>
        </test-method> <!-- tearDown -->
        <test-method is-config="true" signature="setup()[pri:0, instance:tests.RegisterTest@1e66f1f5]" started-at="2025-06-25T00:54:14 CST" name="setup" finished-at="2025-06-25T00:54:16 CST" duration-ms="2191" status="PASS">
          <reporter-output>
          </reporter-output>
        </test-method> <!-- setup -->
        <test-method signature="testInvalidEmailFormat()[pri:0, instance:tests.RegisterTest@1e66f1f5]" started-at="2025-06-25T00:54:16 CST" name="testInvalidEmailFormat" finished-at="2025-06-25T00:54:17 CST" duration-ms="1028" status="PASS">
          <reporter-output>
          </reporter-output>
        </test-method> <!-- testInvalidEmailFormat -->
        <test-method is-config="true" signature="tearDown(org.testng.ITestResult)[pri:0, instance:tests.RegisterTest@1e66f1f5]" started-at="2025-06-25T00:54:17 CST" name="tearDown" finished-at="2025-06-25T00:54:17 CST" duration-ms="120" status="PASS">
          <params>
            <param index="0">
              <value>
                <![CDATA[[TestResult name=testInvalidEmailFormat status=SUCCESS method=RegisterTest.testInvalidEmailFormat()[pri:0, instance:tests.RegisterTest@1e66f1f5] output={null}]]]>
              </value>
            </param>
          </params>
          <reporter-output>
          </reporter-output>
        </test-method> <!-- tearDown -->
        <test-method is-config="true" signature="setup()[pri:0, instance:tests.RegisterTest@1e66f1f5]" started-at="2025-06-25T00:54:17 CST" name="setup" finished-at="2025-06-25T00:54:19 CST" duration-ms="1895" status="PASS">
          <reporter-output>
          </reporter-output>
        </test-method> <!-- setup -->
        <test-method signature="testMismatchedPasswords()[pri:0, instance:tests.RegisterTest@1e66f1f5]" started-at="2025-06-25T00:54:19 CST" name="testMismatchedPasswords" finished-at="2025-06-25T00:54:21 CST" duration-ms="1960" status="PASS">
          <reporter-output>
          </reporter-output>
        </test-method> <!-- testMismatchedPasswords -->
        <test-method is-config="true" signature="tearDown(org.testng.ITestResult)[pri:0, instance:tests.RegisterTest@1e66f1f5]" started-at="2025-06-25T00:54:21 CST" name="tearDown" finished-at="2025-06-25T00:54:21 CST" duration-ms="123" status="PASS">
          <params>
            <param index="0">
              <value>
                <![CDATA[[TestResult name=testMismatchedPasswords status=SUCCESS method=RegisterTest.testMismatchedPasswords()[pri:0, instance:tests.RegisterTest@1e66f1f5] output={null}]]]>
              </value>
            </param>
          </params>
          <reporter-output>
          </reporter-output>
        </test-method> <!-- tearDown -->
        <test-method is-config="true" signature="setup()[pri:0, instance:tests.RegisterTest@1e66f1f5]" started-at="2025-06-25T00:54:21 CST" name="setup" finished-at="2025-06-25T00:54:23 CST" duration-ms="1939" status="PASS">
          <reporter-output>
          </reporter-output>
        </test-method> <!-- setup -->
        <test-method signature="testSuccessfulRegistration()[pri:0, instance:tests.RegisterTest@1e66f1f5]" started-at="2025-06-25T00:54:23 CST" name="testSuccessfulRegistration" finished-at="2025-06-25T00:54:25 CST" duration-ms="1699" status="PASS">
          <reporter-output>
          </reporter-output>
        </test-method> <!-- testSuccessfulRegistration -->
        <test-method is-config="true" signature="tearDown(org.testng.ITestResult)[pri:0, instance:tests.RegisterTest@1e66f1f5]" started-at="2025-06-25T00:54:25 CST" name="tearDown" finished-at="2025-06-25T00:54:25 CST" duration-ms="131" status="PASS">
          <params>
            <param index="0">
              <value>
                <![CDATA[[TestResult name=testSuccessfulRegistration status=SUCCESS method=RegisterTest.testSuccessfulRegistration()[pri:0, instance:tests.RegisterTest@1e66f1f5] output={null}]]]>
              </value>
            </param>
          </params>
          <reporter-output>
          </reporter-output>
        </test-method> <!-- tearDown -->
        <test-method is-config="true" signature="tearDownReport()[pri:0, instance:tests.RegisterTest@1e66f1f5]" started-at="2025-06-25T00:54:25 CST" name="tearDownReport" finished-at="2025-06-25T00:54:25 CST" duration-ms="197" status="PASS">
          <reporter-output>
          </reporter-output>
        </test-method> <!-- tearDownReport -->
      </class> <!-- tests.RegisterTest -->
    </test> <!-- Default test -->
  </suite> <!-- Default suite -->
</testng-results>
